[2022-06-15 01:51:18Z INFO HostContext] No proxy settings were found based on environmental variables (http_proxy/https_proxy/HTTP_PROXY/HTTPS_PROXY)
[2022-06-15 01:51:18Z INFO HostContext] Well known directory 'Bin': 'C:\Repositories\test-actions\actions-runner\bin'
[2022-06-15 01:51:18Z INFO HostContext] Well known directory 'Root': 'C:\Repositories\test-actions\actions-runner'
[2022-06-15 01:51:18Z INFO HostContext] Well known config file 'Credentials': 'C:\Repositories\test-actions\actions-runner\.credentials'
[2022-06-15 01:51:18Z INFO HostContext] Well known directory 'Bin': 'C:\Repositories\test-actions\actions-runner\bin'
[2022-06-15 01:51:18Z INFO HostContext] Well known directory 'Root': 'C:\Repositories\test-actions\actions-runner'
[2022-06-15 01:51:18Z INFO HostContext] Well known config file 'Runner': 'C:\Repositories\test-actions\actions-runner\.runner'
[2022-06-15 01:51:18Z INFO Listener] Runner is built for Windows (X64) - win-x64.
[2022-06-15 01:51:18Z INFO Listener] RuntimeInformation: Microsoft Windows 10.0.19044.
[2022-06-15 01:51:18Z INFO Listener] Version: 2.292.0
[2022-06-15 01:51:18Z INFO Listener] Commit: d4b794dd645e16990ae0530bf977e26ab24be9d9
[2022-06-15 01:51:18Z INFO Listener] Culture: en-US
[2022-06-15 01:51:18Z INFO Listener] UI Culture: en-US
[2022-06-15 01:51:18Z INFO HostContext] Well known directory 'Bin': 'C:\Repositories\test-actions\actions-runner\bin'
[2022-06-15 01:51:18Z INFO HostContext] Well known directory 'Root': 'C:\Repositories\test-actions\actions-runner'
[2022-06-15 01:51:18Z INFO Listener] Validating directory permissions for: 'C:\Repositories\test-actions\actions-runner'
[2022-06-15 01:51:18Z INFO CommandLineParser] Parse
[2022-06-15 01:51:18Z INFO CommandLineParser] Parsing 1 args
[2022-06-15 01:51:18Z INFO CommandLineParser] parsing argument
[2022-06-15 01:51:18Z INFO CommandLineParser] HasArgs: False
[2022-06-15 01:51:18Z INFO CommandLineParser] Adding Command: run
[2022-06-15 01:51:18Z INFO Listener] Arguments parsed
[2022-06-15 01:51:18Z INFO Runner] ExecuteCommand
[2022-06-15 01:51:18Z INFO ConfigurationStore] currentAssemblyLocation: C:\Repositories\test-actions\actions-runner\bin\Runner.Listener.dll
[2022-06-15 01:51:18Z INFO HostContext] Well known directory 'Bin': 'C:\Repositories\test-actions\actions-runner\bin'
[2022-06-15 01:51:18Z INFO ConfigurationStore] binPath: C:\Repositories\test-actions\actions-runner\bin
[2022-06-15 01:51:18Z INFO HostContext] Well known directory 'Bin': 'C:\Repositories\test-actions\actions-runner\bin'
[2022-06-15 01:51:18Z INFO HostContext] Well known directory 'Root': 'C:\Repositories\test-actions\actions-runner'
[2022-06-15 01:51:18Z INFO ConfigurationStore] RootFolder: C:\Repositories\test-actions\actions-runner
[2022-06-15 01:51:18Z INFO HostContext] Well known directory 'Bin': 'C:\Repositories\test-actions\actions-runner\bin'
[2022-06-15 01:51:18Z INFO HostContext] Well known directory 'Root': 'C:\Repositories\test-actions\actions-runner'
[2022-06-15 01:51:18Z INFO HostContext] Well known config file 'Runner': 'C:\Repositories\test-actions\actions-runner\.runner'
[2022-06-15 01:51:18Z INFO ConfigurationStore] ConfigFilePath: C:\Repositories\test-actions\actions-runner\.runner
[2022-06-15 01:51:18Z INFO HostContext] Well known directory 'Bin': 'C:\Repositories\test-actions\actions-runner\bin'
[2022-06-15 01:51:18Z INFO HostContext] Well known directory 'Root': 'C:\Repositories\test-actions\actions-runner'
[2022-06-15 01:51:18Z INFO HostContext] Well known config file 'Credentials': 'C:\Repositories\test-actions\actions-runner\.credentials'
[2022-06-15 01:51:18Z INFO ConfigurationStore] CredFilePath: C:\Repositories\test-actions\actions-runner\.credentials
[2022-06-15 01:51:18Z INFO HostContext] Well known directory 'Bin': 'C:\Repositories\test-actions\actions-runner\bin'
[2022-06-15 01:51:18Z INFO HostContext] Well known directory 'Root': 'C:\Repositories\test-actions\actions-runner'
[2022-06-15 01:51:18Z INFO HostContext] Well known config file 'MigratedCredentials': 'C:\Repositories\test-actions\actions-runner\.credentials_migrated'
[2022-06-15 01:51:18Z INFO ConfigurationStore] MigratedCredFilePath: C:\Repositories\test-actions\actions-runner\.credentials_migrated
[2022-06-15 01:51:18Z INFO HostContext] Well known directory 'Bin': 'C:\Repositories\test-actions\actions-runner\bin'
[2022-06-15 01:51:18Z INFO HostContext] Well known directory 'Root': 'C:\Repositories\test-actions\actions-runner'
[2022-06-15 01:51:18Z INFO HostContext] Well known config file 'Service': 'C:\Repositories\test-actions\actions-runner\.service'
[2022-06-15 01:51:18Z INFO ConfigurationStore] ServiceConfigFilePath: C:\Repositories\test-actions\actions-runner\.service
[2022-06-15 01:51:18Z INFO CommandSettings] Flag 'help': 'False'
[2022-06-15 01:51:18Z INFO CommandSettings] Flag 'version': 'False'
[2022-06-15 01:51:18Z INFO CommandSettings] Flag 'commit': 'False'
[2022-06-15 01:51:18Z INFO CommandSettings] Flag 'check': 'False'
[2022-06-15 01:51:18Z INFO CommandSettings] Command 'configure': 'False'
[2022-06-15 01:51:18Z INFO CommandSettings] Command 'remove': 'False'
[2022-06-15 01:51:18Z INFO CommandSettings] Command 'warmup': 'False'
[2022-06-15 01:51:18Z INFO ConfigurationManager] LoadSettings
[2022-06-15 01:51:18Z INFO ConfigurationStore] IsConfigured()
[2022-06-15 01:51:18Z INFO ConfigurationStore] IsConfigured: True
[2022-06-15 01:51:18Z INFO ConfigurationManager] Is configured: True
[2022-06-15 01:51:18Z INFO ConfigurationStore] Read setting file: 303 chars
[2022-06-15 01:51:18Z INFO ConfigurationManager] Settings Loaded
[2022-06-15 01:51:18Z INFO ConfigurationStore] IsServiceConfigured()
[2022-06-15 01:51:18Z INFO ConfigurationStore] IsServiceConfigured: False
[2022-06-15 01:51:18Z INFO CommandSettings] Command 'run': 'True'
[2022-06-15 01:51:18Z INFO ConfigurationStore] IsConfigured()
[2022-06-15 01:51:18Z INFO ConfigurationStore] IsConfigured: True
[2022-06-15 01:51:18Z INFO ConfigurationManager] Is configured: True
[2022-06-15 01:51:18Z INFO Runner] Could not parse the argument value '' for StartupType. Defaulting to Manual
[2022-06-15 01:51:18Z INFO Runner] Set runner startup type - Manual
[2022-06-15 01:51:18Z INFO CommandSettings] Flag 'once': 'False'
[2022-06-15 01:51:18Z INFO CommandSettings] Flag 'once': 'False'
[2022-06-15 01:51:18Z INFO Runner] RunAsync
[2022-06-15 01:51:18Z INFO ConfigurationManager] LoadSettings
[2022-06-15 01:51:18Z INFO ConfigurationStore] IsConfigured()
[2022-06-15 01:51:18Z INFO ConfigurationStore] IsConfigured: True
[2022-06-15 01:51:18Z INFO ConfigurationManager] Is configured: True
[2022-06-15 01:51:18Z INFO ConfigurationManager] Settings Loaded
[2022-06-15 01:51:18Z INFO MessageListener] {
  "AgentId": 21,
  "AgentName": "interbase-runner",
  "PoolId": 1,
  "PoolName": "Default",
  "ServerUrl": "https://pipelines.actions.githubusercontent.com/kgKnBruiyzlfcLuz8SzKbvhWanFfvl2DNr0FabcUPCvNjDiHF1",
  "GitHubUrl": "https://github.com/Xiappi/test-actions",
  "WorkFolder": "action2"
}
[2022-06-15 01:51:18Z INFO MessageListener] Loading Credentials
[2022-06-15 01:51:18Z INFO ConfigurationStore] HasCredentials()
[2022-06-15 01:51:18Z INFO ConfigurationStore] stored True
[2022-06-15 01:51:18Z INFO CredentialManager] GetCredentialProvider
[2022-06-15 01:51:18Z INFO CredentialManager] Creating type OAuth
[2022-06-15 01:51:18Z INFO CredentialManager] Creating credential type: OAuth
[2022-06-15 01:51:18Z INFO HostContext] Well known directory 'Bin': 'C:\Repositories\test-actions\actions-runner\bin'
[2022-06-15 01:51:18Z INFO HostContext] Well known directory 'Root': 'C:\Repositories\test-actions\actions-runner'
[2022-06-15 01:51:18Z INFO HostContext] Well known config file 'RSACredentials': 'C:\Repositories\test-actions\actions-runner\.credentials_rsaparams'
[2022-06-15 01:51:18Z INFO RSAEncryptedFileKeyManager] Loading RSA key parameters from file C:\Repositories\test-actions\actions-runner\.credentials_rsaparams
[2022-06-15 01:51:18Z INFO MessageListener] Attempt to create session.
[2022-06-15 01:51:18Z INFO MessageListener] Connecting to the Runner Server...
[2022-06-15 01:51:18Z INFO RunnerServer] Establish connection with 100 seconds timeout.
[2022-06-15 01:51:18Z INFO GitHubActionsService] Starting operation Location.GetConnectionData
[2022-06-15 01:51:18Z INFO RunnerServer] Establish connection with 60 seconds timeout.
[2022-06-15 01:51:18Z INFO GitHubActionsService] Starting operation Location.GetConnectionData
[2022-06-15 01:51:18Z INFO RunnerServer] Establish connection with 60 seconds timeout.
[2022-06-15 01:51:18Z INFO GitHubActionsService] Starting operation Location.GetConnectionData
[2022-06-15 01:51:18Z INFO GitHubActionsService] Finished operation Location.GetConnectionData
[2022-06-15 01:51:18Z INFO GitHubActionsService] Finished operation Location.GetConnectionData
[2022-06-15 01:51:18Z INFO GitHubActionsService] Finished operation Location.GetConnectionData
[2022-06-15 01:51:19Z INFO MessageListener] VssConnection created
[2022-06-15 01:51:19Z INFO Terminal] WRITE LINE: 
[2022-06-15 01:51:19Z INFO Terminal] WRITE LINE: 
[2022-06-15 01:51:19Z WARN GitHubActionsService] Authentication failed with status code 401.
Transfer-Encoding: chunked
WWW-Authenticate: Bearer
Strict-Transport-Security: max-age=2592000
X-TFS-ProcessId: e7ead27e-90d2-428c-aef6-c028f95ab562
ActivityId: 705b6f76-287f-45b3-a745-0380f945efd4
X-TFS-Session: 603dab11-a323-4603-b7d1-586b5c9943a6
X-VSS-E2EID: c1d7af7f-5656-48aa-a915-46bfd0c7ab78
X-VSS-SenderDeploymentId: fc1cfc90-fc40-edcb-6d0f-3b1380ee7b68
X-TFS-ServiceError: The+user+%27System%3aPublicAccess%3baaaaaaaa-aaaa-aaaa-aaaa-aaaaaaaaaaaa%27+is+not+authorized+to+access+this+resource.
X-VSS-S2STargetService: 0000005A-0000-8888-8000-000000000000/visualstudio.com
X-Cache: CONFIG_NOCACHE
X-MSEdge-Ref: Ref A: A5F3DA9ABDCD48158C15D676B5EF5DAE Ref B: YMQ01EDGE0308 Ref C: 2022-06-15T01:51:21Z
Date: Wed, 15 Jun 2022 01:51:21 GMT

[2022-06-15 01:51:19Z INFO RSAEncryptedFileKeyManager] Loading RSA key parameters from file C:\Repositories\test-actions\actions-runner\.credentials_rsaparams
[2022-06-15 01:51:19Z INFO RSAEncryptedFileKeyManager] Loading RSA key parameters from file C:\Repositories\test-actions\actions-runner\.credentials_rsaparams
[2022-06-15 01:51:19Z INFO GitHubActionsService] AAD Correlation ID for this token request: Unknown
[2022-06-15 01:51:19Z INFO MessageListener] Session created.
[2022-06-15 01:51:19Z INFO Terminal] WRITE LINE: Current runner version: '2.292.0'
[2022-06-15 01:51:19Z INFO Terminal] WRITE LINE: 2022-06-15 01:51:19Z: Listening for Jobs
[2022-06-15 01:51:19Z INFO JobDispatcher] Set runner/worker IPC timeout to 30 seconds.
[2022-06-15 01:57:31Z INFO Terminal] WRITE LINE: Exiting...
[2022-06-15 01:57:31Z INFO ConfigurationStore] IsServiceConfigured()
[2022-06-15 01:57:31Z INFO ConfigurationStore] IsServiceConfigured: False
[2022-06-15 01:57:31Z INFO HostContext] Runner will be shutdown for UserCancelled
[2022-06-15 01:57:31Z WARN GitHubActionsService] GET request to https://pipelines.actions.githubusercontent.com/kgKnBruiyzlfcLuz8SzKbvhWanFfvl2DNr0FabcUPCvNjDiHF1/_apis/distributedtask/pools/1/messages?sessionId=4b4dd2fc-9141-4cce-8da2-046d917ce466 has been cancelled.
[2022-06-15 01:57:31Z INFO MessageListener] Get next message has been cancelled.
[2022-06-15 01:57:31Z INFO JobDispatcher] Shutting down JobDispatcher. Make sure all WorkerDispatcher has finished.
[2022-06-15 01:57:31Z INFO Listener] Runner execution been cancelled.
