[2022-06-15 01:50:32Z INFO HostContext] No proxy settings were found based on environmental variables (http_proxy/https_proxy/HTTP_PROXY/HTTPS_PROXY)
[2022-06-15 01:50:32Z INFO HostContext] Well known directory 'Bin': 'C:\Repositories\test-actions\actions-runner\bin'
[2022-06-15 01:50:32Z INFO HostContext] Well known directory 'Root': 'C:\Repositories\test-actions\actions-runner'
[2022-06-15 01:50:32Z INFO HostContext] Well known config file 'Credentials': 'C:\Repositories\test-actions\actions-runner\.credentials'
[2022-06-15 01:50:32Z INFO HostContext] Well known directory 'Bin': 'C:\Repositories\test-actions\actions-runner\bin'
[2022-06-15 01:50:32Z INFO HostContext] Well known directory 'Root': 'C:\Repositories\test-actions\actions-runner'
[2022-06-15 01:50:32Z INFO HostContext] Well known config file 'Runner': 'C:\Repositories\test-actions\actions-runner\.runner'
[2022-06-15 01:50:32Z INFO Listener] Runner is built for Windows (X64) - win-x64.
[2022-06-15 01:50:32Z INFO Listener] RuntimeInformation: Microsoft Windows 10.0.19044.
[2022-06-15 01:50:32Z INFO Listener] Version: 2.292.0
[2022-06-15 01:50:32Z INFO Listener] Commit: d4b794dd645e16990ae0530bf977e26ab24be9d9
[2022-06-15 01:50:32Z INFO Listener] Culture: en-US
[2022-06-15 01:50:32Z INFO Listener] UI Culture: en-US
[2022-06-15 01:50:32Z INFO HostContext] Well known directory 'Bin': 'C:\Repositories\test-actions\actions-runner\bin'
[2022-06-15 01:50:32Z INFO HostContext] Well known directory 'Root': 'C:\Repositories\test-actions\actions-runner'
[2022-06-15 01:50:32Z INFO Listener] Validating directory permissions for: 'C:\Repositories\test-actions\actions-runner'
[2022-06-15 01:50:32Z INFO CommandLineParser] Parse
[2022-06-15 01:50:32Z INFO CommandLineParser] Parsing 5 args
[2022-06-15 01:50:32Z INFO CommandLineParser] parsing argument
[2022-06-15 01:50:32Z INFO CommandLineParser] HasArgs: False
[2022-06-15 01:50:32Z INFO CommandLineParser] Adding Command: configure
[2022-06-15 01:50:32Z INFO CommandLineParser] parsing argument
[2022-06-15 01:50:32Z INFO CommandLineParser] HasArgs: True
[2022-06-15 01:50:32Z INFO CommandLineParser] arg: url
[2022-06-15 01:50:32Z INFO CommandLineParser] parsing argument
[2022-06-15 01:50:32Z INFO CommandLineParser] HasArgs: True
[2022-06-15 01:50:32Z INFO CommandLineParser] Adding option 'url': 'https://github.com/Xiappi/test-actions'
[2022-06-15 01:50:32Z INFO CommandLineParser] parsing argument
[2022-06-15 01:50:32Z INFO CommandLineParser] HasArgs: True
[2022-06-15 01:50:32Z INFO CommandLineParser] arg: token
[2022-06-15 01:50:32Z INFO CommandLineParser] parsing argument
[2022-06-15 01:50:32Z INFO CommandLineParser] HasArgs: True
[2022-06-15 01:50:32Z INFO CommandLineParser] Adding option 'token': '***'
[2022-06-15 01:50:32Z INFO Listener] Arguments parsed
[2022-06-15 01:50:32Z INFO Runner] ExecuteCommand
[2022-06-15 01:50:32Z INFO ConfigurationStore] currentAssemblyLocation: C:\Repositories\test-actions\actions-runner\bin\Runner.Listener.dll
[2022-06-15 01:50:32Z INFO HostContext] Well known directory 'Bin': 'C:\Repositories\test-actions\actions-runner\bin'
[2022-06-15 01:50:32Z INFO ConfigurationStore] binPath: C:\Repositories\test-actions\actions-runner\bin
[2022-06-15 01:50:32Z INFO HostContext] Well known directory 'Bin': 'C:\Repositories\test-actions\actions-runner\bin'
[2022-06-15 01:50:32Z INFO HostContext] Well known directory 'Root': 'C:\Repositories\test-actions\actions-runner'
[2022-06-15 01:50:32Z INFO ConfigurationStore] RootFolder: C:\Repositories\test-actions\actions-runner
[2022-06-15 01:50:32Z INFO HostContext] Well known directory 'Bin': 'C:\Repositories\test-actions\actions-runner\bin'
[2022-06-15 01:50:32Z INFO HostContext] Well known directory 'Root': 'C:\Repositories\test-actions\actions-runner'
[2022-06-15 01:50:32Z INFO HostContext] Well known config file 'Runner': 'C:\Repositories\test-actions\actions-runner\.runner'
[2022-06-15 01:50:32Z INFO ConfigurationStore] ConfigFilePath: C:\Repositories\test-actions\actions-runner\.runner
[2022-06-15 01:50:32Z INFO HostContext] Well known directory 'Bin': 'C:\Repositories\test-actions\actions-runner\bin'
[2022-06-15 01:50:32Z INFO HostContext] Well known directory 'Root': 'C:\Repositories\test-actions\actions-runner'
[2022-06-15 01:50:32Z INFO HostContext] Well known config file 'Credentials': 'C:\Repositories\test-actions\actions-runner\.credentials'
[2022-06-15 01:50:32Z INFO ConfigurationStore] CredFilePath: C:\Repositories\test-actions\actions-runner\.credentials
[2022-06-15 01:50:32Z INFO HostContext] Well known directory 'Bin': 'C:\Repositories\test-actions\actions-runner\bin'
[2022-06-15 01:50:32Z INFO HostContext] Well known directory 'Root': 'C:\Repositories\test-actions\actions-runner'
[2022-06-15 01:50:32Z INFO HostContext] Well known config file 'MigratedCredentials': 'C:\Repositories\test-actions\actions-runner\.credentials_migrated'
[2022-06-15 01:50:32Z INFO ConfigurationStore] MigratedCredFilePath: C:\Repositories\test-actions\actions-runner\.credentials_migrated
[2022-06-15 01:50:32Z INFO HostContext] Well known directory 'Bin': 'C:\Repositories\test-actions\actions-runner\bin'
[2022-06-15 01:50:32Z INFO HostContext] Well known directory 'Root': 'C:\Repositories\test-actions\actions-runner'
[2022-06-15 01:50:32Z INFO HostContext] Well known config file 'Service': 'C:\Repositories\test-actions\actions-runner\.service'
[2022-06-15 01:50:32Z INFO ConfigurationStore] ServiceConfigFilePath: C:\Repositories\test-actions\actions-runner\.service
[2022-06-15 01:50:32Z INFO CommandSettings] Flag 'help': 'False'
[2022-06-15 01:50:32Z INFO CommandSettings] Flag 'version': 'False'
[2022-06-15 01:50:32Z INFO CommandSettings] Flag 'commit': 'False'
[2022-06-15 01:50:32Z INFO CommandSettings] Flag 'check': 'False'
[2022-06-15 01:50:32Z INFO CommandSettings] Command 'configure': 'True'
[2022-06-15 01:50:32Z INFO Terminal] WRITE LINE: 
[2022-06-15 01:50:32Z INFO Terminal] WRITE LINE: --------------------------------------------------------------------------------
[2022-06-15 01:50:32Z INFO Terminal] WRITE LINE: |        ____ _ _   _   _       _          _        _   _                      |
[2022-06-15 01:50:32Z INFO Terminal] WRITE LINE: |       / ___(_) |_| | | |_   _| |__      / \   ___| |_(_) ___  _ __  ___      |
[2022-06-15 01:50:32Z INFO Terminal] WRITE LINE: |      | |  _| | __| |_| | | | | '_ \    / _ \ / __| __| |/ _ \| '_ \/ __|     |
[2022-06-15 01:50:32Z INFO Terminal] WRITE LINE: |      | |_| | | |_|  _  | |_| | |_) |  / ___ \ (__| |_| | (_) | | | \__ \     |
[2022-06-15 01:50:32Z INFO Terminal] WRITE LINE: |       \____|_|\__|_| |_|\__,_|_.__/  /_/   \_\___|\__|_|\___/|_| |_|___/     |
[2022-06-15 01:50:32Z INFO Terminal] WRITE LINE: |                                                                              |
[2022-06-15 01:50:32Z INFO Terminal] WRITE: |                       
[2022-06-15 01:50:32Z INFO Terminal] WRITE: Self-hosted runner registration
[2022-06-15 01:50:32Z INFO Terminal] WRITE LINE:                         |
[2022-06-15 01:50:32Z INFO Terminal] WRITE LINE: |                                                                              |
[2022-06-15 01:50:32Z INFO Terminal] WRITE LINE: --------------------------------------------------------------------------------
[2022-06-15 01:50:32Z INFO ConfigurationManager] ConfigureAsync
[2022-06-15 01:50:32Z INFO ConfigurationStore] IsConfigured()
[2022-06-15 01:50:32Z INFO ConfigurationStore] IsConfigured: False
[2022-06-15 01:50:32Z INFO ConfigurationManager] Is configured: False
[2022-06-15 01:50:32Z INFO CommandSettings] Arg 'url': 'https://github.com/Xiappi/test-actions'
[2022-06-15 01:50:32Z INFO CommandSettings] Remove url from Arg dictionary.
[2022-06-15 01:50:32Z INFO CommandSettings] Arg 'token': '***'
[2022-06-15 01:50:32Z INFO CommandSettings] Remove token from Arg dictionary.
[2022-06-15 01:50:32Z INFO ConfigurationManager] Http response code: OK from 'POST https://api.github.com/actions/runner-registration'
[2022-06-15 01:50:33Z INFO ConfigurationManager] cred retrieved via GitHub auth
[2022-06-15 01:50:33Z INFO RunnerServer] Establish connection with 100 seconds timeout.
[2022-06-15 01:50:33Z INFO GitHubActionsService] Starting operation Location.GetConnectionData
[2022-06-15 01:50:33Z INFO RunnerServer] Establish connection with 60 seconds timeout.
[2022-06-15 01:50:33Z INFO GitHubActionsService] Starting operation Location.GetConnectionData
[2022-06-15 01:50:33Z INFO RunnerServer] Establish connection with 60 seconds timeout.
[2022-06-15 01:50:33Z INFO GitHubActionsService] Starting operation Location.GetConnectionData
[2022-06-15 01:50:33Z INFO GitHubActionsService] Finished operation Location.GetConnectionData
[2022-06-15 01:50:33Z INFO GitHubActionsService] Finished operation Location.GetConnectionData
[2022-06-15 01:50:33Z INFO GitHubActionsService] Finished operation Location.GetConnectionData
[2022-06-15 01:50:33Z INFO Terminal] WRITE LINE: 
[2022-06-15 01:50:33Z INFO ConfigurationManager] Test Connection complete.
[2022-06-15 01:50:33Z INFO HostContext] Well known directory 'Bin': 'C:\Repositories\test-actions\actions-runner\bin'
[2022-06-15 01:50:33Z INFO HostContext] Well known directory 'Root': 'C:\Repositories\test-actions\actions-runner'
[2022-06-15 01:50:33Z INFO HostContext] Well known config file 'RSACredentials': 'C:\Repositories\test-actions\actions-runner\.credentials_rsaparams'
[2022-06-15 01:50:33Z INFO RSAEncryptedFileKeyManager] Creating new RSA key using 2048-bit key length
[2022-06-15 01:50:33Z INFO RSAEncryptedFileKeyManager] Successfully saved RSA key parameters to file C:\Repositories\test-actions\actions-runner\.credentials_rsaparams
[2022-06-15 01:50:33Z INFO CommandSettings] Arg 'runnergroup': ''
[2022-06-15 01:50:33Z INFO CommandSettings] Flag 'unattended': 'False'
[2022-06-15 01:50:33Z INFO PromptManager] ReadValue
[2022-06-15 01:50:33Z INFO Terminal] WRITE: Enter the name of the runner group to add this runner to: 
[2022-06-15 01:50:33Z INFO Terminal] WRITE: [press Enter for Default] 
[2022-06-15 01:50:33Z INFO Terminal] READ LINE
[2022-06-15 01:50:36Z INFO Terminal] Read value: ''
[2022-06-15 01:50:36Z INFO PromptManager] Falling back to the default: 'Default'
[2022-06-15 01:50:36Z INFO Terminal] WRITE LINE: 
[2022-06-15 01:50:36Z INFO ConfigurationManager] Found a self-hosted runner group with id 1 and name Default
[2022-06-15 01:50:36Z INFO CommandSettings] Flag 'disableupdate': 'False'
[2022-06-15 01:50:36Z INFO CommandSettings] Flag 'ephemeral': 'False'
[2022-06-15 01:50:36Z INFO CommandSettings] Arg 'name': ''
[2022-06-15 01:50:36Z INFO CommandSettings] Flag 'unattended': 'False'
[2022-06-15 01:50:36Z INFO PromptManager] ReadValue
[2022-06-15 01:50:36Z INFO Terminal] WRITE: Enter the name of runner: 
[2022-06-15 01:50:36Z INFO Terminal] WRITE: [press Enter for ADAM-PC] 
[2022-06-15 01:50:36Z INFO Terminal] READ LINE
[2022-06-15 01:50:42Z INFO Terminal] Read value: 'interbase-runner'
[2022-06-15 01:50:42Z INFO Terminal] WRITE LINE: 
[2022-06-15 01:50:42Z INFO CommandSettings] Arg 'labels': ''
[2022-06-15 01:50:42Z INFO CommandSettings] Flag 'unattended': 'False'
[2022-06-15 01:50:42Z INFO PromptManager] ReadValue
[2022-06-15 01:50:42Z INFO Terminal] WRITE: This runner will have the following labels: 'self-hosted', 'Windows', 'X64' 
Enter any additional labels (ex. label-1,label-2): 
[2022-06-15 01:50:42Z INFO Terminal] WRITE: [press Enter to skip] 
[2022-06-15 01:50:42Z INFO Terminal] READ LINE
[2022-06-15 01:50:45Z INFO Terminal] Read value: ''
[2022-06-15 01:50:45Z INFO Terminal] WRITE LINE: 
[2022-06-15 01:50:45Z INFO CommandSettings] Flag 'disableupdate': 'False'
[2022-06-15 01:50:45Z INFO CommandSettings] Flag 'disableupdate': 'False'
[2022-06-15 01:50:45Z INFO CommandSettings] Flag 'ephemeral': 'False'
[2022-06-15 01:50:45Z INFO ConfigurationStore] Saving OAuth credential @ C:\Repositories\test-actions\actions-runner\.credentials
[2022-06-15 01:50:45Z INFO ConfigurationStore] Credentials Saved.
[2022-06-15 01:50:45Z INFO ConfigurationStore] HasCredentials()
[2022-06-15 01:50:45Z INFO ConfigurationStore] stored True
[2022-06-15 01:50:45Z INFO CredentialManager] GetCredentialProvider
[2022-06-15 01:50:45Z INFO CredentialManager] Creating type OAuth
[2022-06-15 01:50:45Z INFO CredentialManager] Creating credential type: OAuth
[2022-06-15 01:50:45Z INFO RSAEncryptedFileKeyManager] Loading RSA key parameters from file C:\Repositories\test-actions\actions-runner\.credentials_rsaparams
[2022-06-15 01:50:45Z INFO RunnerServer] Establish connection with 100 seconds timeout.
[2022-06-15 01:50:45Z INFO GitHubActionsService] Starting operation Location.GetConnectionData
[2022-06-15 01:50:45Z INFO RunnerServer] Establish connection with 60 seconds timeout.
[2022-06-15 01:50:45Z INFO GitHubActionsService] Starting operation Location.GetConnectionData
[2022-06-15 01:50:45Z INFO RunnerServer] Establish connection with 60 seconds timeout.
[2022-06-15 01:50:45Z INFO GitHubActionsService] Starting operation Location.GetConnectionData
[2022-06-15 01:50:46Z INFO GitHubActionsService] Finished operation Location.GetConnectionData
[2022-06-15 01:50:46Z INFO GitHubActionsService] Finished operation Location.GetConnectionData
[2022-06-15 01:50:46Z INFO GitHubActionsService] Finished operation Location.GetConnectionData
[2022-06-15 01:50:46Z WARN GitHubActionsService] Authentication failed with status code 401.
Transfer-Encoding: chunked
WWW-Authenticate: Bearer
Strict-Transport-Security: max-age=2592000
X-TFS-ProcessId: 56d20625-9ab2-4a11-812d-f526e5953882
ActivityId: 968542ea-273b-464e-a894-b645dc8301cd
X-TFS-Session: 7f64170a-bec2-469e-9c6c-ea9a271f6a7b
X-VSS-E2EID: 4949a679-f864-4bbc-89f7-ed26680fbe22
X-VSS-SenderDeploymentId: fc1cfc90-fc40-edcb-6d0f-3b1380ee7b68
X-TFS-ServiceError: The+user+%27System%3aPublicAccess%3baaaaaaaa-aaaa-aaaa-aaaa-aaaaaaaaaaaa%27+is+not+authorized+to+access+this+resource.
X-VSS-S2STargetService: 0000005A-0000-8888-8000-000000000000/visualstudio.com
X-Cache: CONFIG_NOCACHE
X-MSEdge-Ref: Ref A: 89C365ADBFE3418095D87BD3DC42F8A1 Ref B: YMQ01EDGE0522 Ref C: 2022-06-15T01:50:48Z
Date: Wed, 15 Jun 2022 01:50:48 GMT

[2022-06-15 01:50:46Z INFO RSAEncryptedFileKeyManager] Loading RSA key parameters from file C:\Repositories\test-actions\actions-runner\.credentials_rsaparams
[2022-06-15 01:50:46Z INFO RSAEncryptedFileKeyManager] Loading RSA key parameters from file C:\Repositories\test-actions\actions-runner\.credentials_rsaparams
[2022-06-15 01:50:46Z INFO GitHubActionsService] AAD Correlation ID for this token request: Unknown
[2022-06-15 01:50:46Z INFO CommandSettings] Arg 'work': ''
[2022-06-15 01:50:46Z INFO CommandSettings] Flag 'unattended': 'False'
[2022-06-15 01:50:46Z INFO PromptManager] ReadValue
[2022-06-15 01:50:46Z INFO Terminal] WRITE: Enter name of work folder: 
[2022-06-15 01:50:46Z INFO Terminal] WRITE: [press Enter for _work] 
[2022-06-15 01:50:46Z INFO Terminal] READ LINE
[2022-06-15 01:51:00Z INFO Terminal] Read value: 'action2'
[2022-06-15 01:51:00Z INFO ConfigurationStore] Saving runner settings.
[2022-06-15 01:51:00Z INFO ConfigurationStore] Settings Saved.
[2022-06-15 01:51:00Z INFO Terminal] WRITE LINE: 
[2022-06-15 01:51:00Z INFO Terminal] WRITE LINE: 
[2022-06-15 01:51:00Z INFO CommandSettings] Flag 'runasservice': 'False'
[2022-06-15 01:51:00Z INFO CommandSettings] Flag 'unattended': 'False'
[2022-06-15 01:51:00Z INFO PromptManager] ReadValue
[2022-06-15 01:51:00Z INFO Terminal] WRITE: Would you like to run the runner as service? (Y/N) 
[2022-06-15 01:51:00Z INFO Terminal] WRITE: [press Enter for N] 
[2022-06-15 01:51:00Z INFO Terminal] READ LINE
[2022-06-15 01:51:08Z INFO Terminal] Read value: 'n'
[2022-06-15 01:51:08Z INFO Listener] Runner execution has finished with return code 0
